2024-03-26 13:26:51,559 DEBUG    root            Loaded Command Group: ['gcloud', 'components']
2024-03-26 13:26:51,564 DEBUG    root            Loaded Command Group: ['gcloud', 'components', 'update']
2024-03-26 13:26:51,567 DEBUG    root            Running [gcloud.components.update] with arguments: [--allow-no-backup: "True", --compile-python: "True", --quiet: "True", COMPONENT-IDS:7: "['core', 'gcloud-deps', 'bq', 'gcloud', 'gcloud-crc32c', 'gsutil', 'anthoscli']"]
2024-03-26 13:26:51,568 INFO     ___FILE_ONLY___ Beginning update. This process may take several minutes.

2024-03-26 13:26:51,589 DEBUG    urllib3.connectionpool Starting new HTTPS connection (1): dl.google.com:443
2024-03-26 13:26:51,715 DEBUG    urllib3.connectionpool https://dl.google.com:443 "GET /dl/cloudsdk/channels/rapid/components-2.json HTTP/1.1" 200 214444
2024-03-26 13:26:51,734 INFO     ___FILE_ONLY___ 

2024-03-26 13:26:51,735 INFO     ___FILE_ONLY___ 
Your current Google Cloud CLI version is: 469.0.0

2024-03-26 13:26:51,735 INFO     ___FILE_ONLY___ Installing components from version: 469.0.0

2024-03-26 13:26:51,735 INFO     ___FILE_ONLY___ 

2024-03-26 13:26:51,736 DEBUG    root            Chosen display Format:table[box,title="These components will be removed."](details.display_name:label=Name:align=left,version.version_string:label=Version:align=right,data.size.size(zero="",min=1048576):label=Size:align=right)
2024-03-26 13:26:51,737 DEBUG    root            Chosen display Format:table[box,title="These components will be updated."](details.display_name:label=Name:align=left,version.version_string:label=Version:align=right,data.size.size(zero="",min=1048576):label=Size:align=right)
2024-03-26 13:26:51,738 DEBUG    root            Chosen display Format:table[box,title="These components will be installed."](details.display_name:label=Name:align=left,version.version_string:label=Version:align=right,data.size.size(zero="",min=1048576):label=Size:align=right)
2024-03-26 13:26:51,746 INFO     ___FILE_ONLY___ ┌─────────────────────────────────────────────────────────────────────────────┐
2024-03-26 13:26:51,746 INFO     ___FILE_ONLY___ 

2024-03-26 13:26:51,747 INFO     ___FILE_ONLY___ │                     These components will be installed.                     │
2024-03-26 13:26:51,747 INFO     ___FILE_ONLY___ 

2024-03-26 13:26:51,747 INFO     ___FILE_ONLY___ ├─────────────────────────────────────────────────────┬────────────┬──────────┤
2024-03-26 13:26:51,747 INFO     ___FILE_ONLY___ 

2024-03-26 13:26:51,747 INFO     ___FILE_ONLY___ │                         Name                        │  Version   │   Size   │
2024-03-26 13:26:51,747 INFO     ___FILE_ONLY___ 

2024-03-26 13:26:51,747 INFO     ___FILE_ONLY___ ├─────────────────────────────────────────────────────┼────────────┼──────────┤
2024-03-26 13:26:51,748 INFO     ___FILE_ONLY___ 

2024-03-26 13:26:51,748 INFO     ___FILE_ONLY___ │ 
2024-03-26 13:26:51,748 INFO     ___FILE_ONLY___ BigQuery Command Line Tool                         
2024-03-26 13:26:51,748 INFO     ___FILE_ONLY___  
2024-03-26 13:26:51,748 INFO     ___FILE_ONLY___ │ 
2024-03-26 13:26:51,749 INFO     ___FILE_ONLY___      2.1.1
2024-03-26 13:26:51,749 INFO     ___FILE_ONLY___  
2024-03-26 13:26:51,749 INFO     ___FILE_ONLY___ │ 
2024-03-26 13:26:51,749 INFO     ___FILE_ONLY___  1.7 MiB
2024-03-26 13:26:51,749 INFO     ___FILE_ONLY___  
2024-03-26 13:26:51,749 INFO     ___FILE_ONLY___ │
2024-03-26 13:26:51,749 INFO     ___FILE_ONLY___ 

2024-03-26 13:26:51,749 INFO     ___FILE_ONLY___ │ 
2024-03-26 13:26:51,749 INFO     ___FILE_ONLY___ BigQuery Command Line Tool (Platform Specific)     
2024-03-26 13:26:51,750 INFO     ___FILE_ONLY___  
2024-03-26 13:26:51,750 INFO     ___FILE_ONLY___ │ 
2024-03-26 13:26:51,750 INFO     ___FILE_ONLY___    2.0.101
2024-03-26 13:26:51,750 INFO     ___FILE_ONLY___  
2024-03-26 13:26:51,750 INFO     ___FILE_ONLY___ │ 
2024-03-26 13:26:51,750 INFO     ___FILE_ONLY___  < 1 MiB
2024-03-26 13:26:51,750 INFO     ___FILE_ONLY___  
2024-03-26 13:26:51,750 INFO     ___FILE_ONLY___ │
2024-03-26 13:26:51,750 INFO     ___FILE_ONLY___ 

2024-03-26 13:26:51,751 INFO     ___FILE_ONLY___ │ 
2024-03-26 13:26:51,751 INFO     ___FILE_ONLY___ Bundled Python 3.11                                
2024-03-26 13:26:51,751 INFO     ___FILE_ONLY___  
2024-03-26 13:26:51,751 INFO     ___FILE_ONLY___ │ 
2024-03-26 13:26:51,751 INFO     ___FILE_ONLY___     3.11.8
2024-03-26 13:26:51,751 INFO     ___FILE_ONLY___  
2024-03-26 13:26:51,751 INFO     ___FILE_ONLY___ │ 
2024-03-26 13:26:51,751 INFO     ___FILE_ONLY___ 74.9 MiB
2024-03-26 13:26:51,752 INFO     ___FILE_ONLY___  
2024-03-26 13:26:51,752 INFO     ___FILE_ONLY___ │
2024-03-26 13:26:51,752 INFO     ___FILE_ONLY___ 

2024-03-26 13:26:51,752 INFO     ___FILE_ONLY___ │ 
2024-03-26 13:26:51,752 INFO     ___FILE_ONLY___ Cloud Storage Command Line Tool                    
2024-03-26 13:26:51,752 INFO     ___FILE_ONLY___  
2024-03-26 13:26:51,752 INFO     ___FILE_ONLY___ │ 
2024-03-26 13:26:51,752 INFO     ___FILE_ONLY___       5.27
2024-03-26 13:26:51,753 INFO     ___FILE_ONLY___  
2024-03-26 13:26:51,753 INFO     ___FILE_ONLY___ │ 
2024-03-26 13:26:51,753 INFO     ___FILE_ONLY___ 11.3 MiB
2024-03-26 13:26:51,753 INFO     ___FILE_ONLY___  
2024-03-26 13:26:51,753 INFO     ___FILE_ONLY___ │
2024-03-26 13:26:51,753 INFO     ___FILE_ONLY___ 

2024-03-26 13:26:51,753 INFO     ___FILE_ONLY___ │ 
2024-03-26 13:26:51,753 INFO     ___FILE_ONLY___ Cloud Storage Command Line Tool (Platform Specific)
2024-03-26 13:26:51,753 INFO     ___FILE_ONLY___  
2024-03-26 13:26:51,754 INFO     ___FILE_ONLY___ │ 
2024-03-26 13:26:51,754 INFO     ___FILE_ONLY___       5.27
2024-03-26 13:26:51,754 INFO     ___FILE_ONLY___  
2024-03-26 13:26:51,754 INFO     ___FILE_ONLY___ │ 
2024-03-26 13:26:51,754 INFO     ___FILE_ONLY___  < 1 MiB
2024-03-26 13:26:51,754 INFO     ___FILE_ONLY___  
2024-03-26 13:26:51,754 INFO     ___FILE_ONLY___ │
2024-03-26 13:26:51,754 INFO     ___FILE_ONLY___ 

2024-03-26 13:26:51,755 INFO     ___FILE_ONLY___ │ 
2024-03-26 13:26:51,755 INFO     ___FILE_ONLY___ Google Cloud CLI Core Libraries (Platform Specific)
2024-03-26 13:26:51,755 INFO     ___FILE_ONLY___  
2024-03-26 13:26:51,755 INFO     ___FILE_ONLY___ │ 
2024-03-26 13:26:51,755 INFO     ___FILE_ONLY___ 2024.01.06
2024-03-26 13:26:51,755 INFO     ___FILE_ONLY___  
2024-03-26 13:26:51,755 INFO     ___FILE_ONLY___ │ 
2024-03-26 13:26:51,755 INFO     ___FILE_ONLY___  < 1 MiB
2024-03-26 13:26:51,756 INFO     ___FILE_ONLY___  
2024-03-26 13:26:51,756 INFO     ___FILE_ONLY___ │
2024-03-26 13:26:51,756 INFO     ___FILE_ONLY___ 

2024-03-26 13:26:51,756 INFO     ___FILE_ONLY___ │ 
2024-03-26 13:26:51,756 INFO     ___FILE_ONLY___ Google Cloud CRC32C Hash Tool                      
2024-03-26 13:26:51,756 INFO     ___FILE_ONLY___  
2024-03-26 13:26:51,756 INFO     ___FILE_ONLY___ │ 
2024-03-26 13:26:51,756 INFO     ___FILE_ONLY___      1.0.0
2024-03-26 13:26:51,757 INFO     ___FILE_ONLY___  
2024-03-26 13:26:51,757 INFO     ___FILE_ONLY___ │ 
2024-03-26 13:26:51,757 INFO     ___FILE_ONLY___  1.2 MiB
2024-03-26 13:26:51,757 INFO     ___FILE_ONLY___  
2024-03-26 13:26:51,757 INFO     ___FILE_ONLY___ │
2024-03-26 13:26:51,757 INFO     ___FILE_ONLY___ 

2024-03-26 13:26:51,758 INFO     ___FILE_ONLY___ │ 
2024-03-26 13:26:51,758 INFO     ___FILE_ONLY___ anthoscli                                          
2024-03-26 13:26:51,758 INFO     ___FILE_ONLY___  
2024-03-26 13:26:51,758 INFO     ___FILE_ONLY___ │ 
2024-03-26 13:26:51,758 INFO     ___FILE_ONLY___     0.2.48
2024-03-26 13:26:51,758 INFO     ___FILE_ONLY___  
2024-03-26 13:26:51,759 INFO     ___FILE_ONLY___ │ 
2024-03-26 13:26:51,759 INFO     ___FILE_ONLY___ 68.9 MiB
2024-03-26 13:26:51,759 INFO     ___FILE_ONLY___  
2024-03-26 13:26:51,759 INFO     ___FILE_ONLY___ │
2024-03-26 13:26:51,759 INFO     ___FILE_ONLY___ 

2024-03-26 13:26:51,759 INFO     ___FILE_ONLY___ │ 
2024-03-26 13:26:51,760 INFO     ___FILE_ONLY___ gcloud cli dependencies                            
2024-03-26 13:26:51,760 INFO     ___FILE_ONLY___  
2024-03-26 13:26:51,760 INFO     ___FILE_ONLY___ │ 
2024-03-26 13:26:51,760 INFO     ___FILE_ONLY___ 2021.04.16
2024-03-26 13:26:51,760 INFO     ___FILE_ONLY___  
2024-03-26 13:26:51,760 INFO     ___FILE_ONLY___ │ 
2024-03-26 13:26:51,761 INFO     ___FILE_ONLY___  < 1 MiB
2024-03-26 13:26:51,761 INFO     ___FILE_ONLY___  
2024-03-26 13:26:51,761 INFO     ___FILE_ONLY___ │
2024-03-26 13:26:51,761 INFO     ___FILE_ONLY___ 

2024-03-26 13:26:51,761 INFO     ___FILE_ONLY___ └─────────────────────────────────────────────────────┴────────────┴──────────┘
2024-03-26 13:26:51,762 INFO     ___FILE_ONLY___ 

2024-03-26 13:26:51,762 INFO     ___FILE_ONLY___ 

2024-03-26 13:26:51,767 DEBUG    urllib3.connectionpool Starting new HTTPS connection (1): dl.google.com:443
2024-03-26 13:26:51,846 DEBUG    urllib3.connectionpool https://dl.google.com:443 "GET /dl/cloudsdk/channels/rapid/RELEASE_NOTES HTTP/1.1" 200 1173066
2024-03-26 13:26:51,912 INFO     ___FILE_ONLY___ For the latest full release notes, please visit:
  https://cloud.google.com/sdk/release_notes


2024-03-26 13:26:51,915 INFO     ___FILE_ONLY___ ╔════════════════════════════════════════════════════════════╗

2024-03-26 13:26:51,915 INFO     ___FILE_ONLY___ ╠═ Creating update staging area                             ═╣

2024-03-26 13:26:51,916 INFO     ___FILE_ONLY___ ╚
2024-03-26 13:26:51,916 INFO     ___FILE_ONLY___ ══════
2024-03-26 13:26:51,916 INFO     ___FILE_ONLY___ ══════
2024-03-26 13:26:51,916 INFO     ___FILE_ONLY___ ══════
2024-03-26 13:26:52,573 INFO     ___FILE_ONLY___ ═
2024-03-26 13:26:52,666 INFO     ___FILE_ONLY___ ═
2024-03-26 13:26:52,760 INFO     ___FILE_ONLY___ ═
2024-03-26 13:26:52,849 INFO     ___FILE_ONLY___ ═
2024-03-26 13:26:52,920 INFO     ___FILE_ONLY___ ═
2024-03-26 13:26:52,996 INFO     ___FILE_ONLY___ ═
2024-03-26 13:26:53,061 INFO     ___FILE_ONLY___ ═
2024-03-26 13:26:53,132 INFO     ___FILE_ONLY___ ═
2024-03-26 13:26:53,204 INFO     ___FILE_ONLY___ ═
2024-03-26 13:26:53,303 INFO     ___FILE_ONLY___ ═
2024-03-26 13:26:53,466 INFO     ___FILE_ONLY___ ═
2024-03-26 13:26:53,697 INFO     ___FILE_ONLY___ ═
2024-03-26 13:26:53,834 INFO     ___FILE_ONLY___ ═
2024-03-26 13:26:53,948 INFO     ___FILE_ONLY___ ═
2024-03-26 13:26:54,079 INFO     ___FILE_ONLY___ ═
2024-03-26 13:26:54,201 INFO     ___FILE_ONLY___ ═
2024-03-26 13:26:54,308 INFO     ___FILE_ONLY___ ═
2024-03-26 13:26:54,421 INFO     ___FILE_ONLY___ ═
2024-03-26 13:26:54,532 INFO     ___FILE_ONLY___ ═
2024-03-26 13:26:54,654 INFO     ___FILE_ONLY___ ═
2024-03-26 13:26:54,766 INFO     ___FILE_ONLY___ ═
2024-03-26 13:26:54,877 INFO     ___FILE_ONLY___ ═
2024-03-26 13:26:55,013 INFO     ___FILE_ONLY___ ═
2024-03-26 13:26:55,133 INFO     ___FILE_ONLY___ ═
2024-03-26 13:26:55,272 INFO     ___FILE_ONLY___ ═
2024-03-26 13:26:55,424 INFO     ___FILE_ONLY___ ═
2024-03-26 13:26:55,572 INFO     ___FILE_ONLY___ ═
2024-03-26 13:26:55,692 INFO     ___FILE_ONLY___ ═
2024-03-26 13:26:55,815 INFO     ___FILE_ONLY___ ═
2024-03-26 13:26:55,913 INFO     ___FILE_ONLY___ ═
2024-03-26 13:26:56,023 INFO     ___FILE_ONLY___ ═
2024-03-26 13:26:56,118 INFO     ___FILE_ONLY___ ═
2024-03-26 13:26:56,228 INFO     ___FILE_ONLY___ ═
2024-03-26 13:26:56,332 INFO     ___FILE_ONLY___ ═
2024-03-26 13:26:56,436 INFO     ___FILE_ONLY___ ═
2024-03-26 13:26:56,540 INFO     ___FILE_ONLY___ ═
2024-03-26 13:26:56,639 INFO     ___FILE_ONLY___ ═
2024-03-26 13:26:56,741 INFO     ___FILE_ONLY___ ═
2024-03-26 13:26:56,872 INFO     ___FILE_ONLY___ ═
2024-03-26 13:26:57,142 INFO     ___FILE_ONLY___ ═
2024-03-26 13:26:57,254 INFO     ___FILE_ONLY___ ═
2024-03-26 13:26:57,373 INFO     ___FILE_ONLY___ ═
2024-03-26 13:26:57,373 INFO     ___FILE_ONLY___ ╝

2024-03-26 13:26:57,780 INFO     ___FILE_ONLY___ ╔════════════════════════════════════════════════════════════╗

2024-03-26 13:26:57,780 INFO     ___FILE_ONLY___ ╠═ Installing: BigQuery Command Line Tool                   ═╣

2024-03-26 13:26:57,780 INFO     ___FILE_ONLY___ ╚
2024-03-26 13:26:57,785 DEBUG    urllib3.connectionpool Starting new HTTPS connection (1): dl.google.com:443
2024-03-26 13:26:57,865 DEBUG    urllib3.connectionpool https://dl.google.com:443 "GET /dl/cloudsdk/channels/rapid/components/google-cloud-sdk-bq-20240315155000.tar.gz HTTP/1.1" 200 1741355
2024-03-26 13:26:57,881 INFO     ___FILE_ONLY___ ═
2024-03-26 13:26:57,882 INFO     ___FILE_ONLY___ ═
2024-03-26 13:26:57,882 INFO     ___FILE_ONLY___ ═
2024-03-26 13:26:57,883 INFO     ___FILE_ONLY___ ═
2024-03-26 13:26:57,883 INFO     ___FILE_ONLY___ ═
2024-03-26 13:26:57,883 INFO     ___FILE_ONLY___ ═
2024-03-26 13:26:57,883 INFO     ___FILE_ONLY___ ═
2024-03-26 13:26:57,884 INFO     ___FILE_ONLY___ ═
2024-03-26 13:26:57,884 INFO     ___FILE_ONLY___ ═
2024-03-26 13:26:57,884 INFO     ___FILE_ONLY___ ═
2024-03-26 13:26:57,885 INFO     ___FILE_ONLY___ ═
2024-03-26 13:26:57,885 INFO     ___FILE_ONLY___ ═
2024-03-26 13:26:57,885 INFO     ___FILE_ONLY___ ═
2024-03-26 13:26:57,885 INFO     ___FILE_ONLY___ ═
2024-03-26 13:26:57,886 INFO     ___FILE_ONLY___ ═
2024-03-26 13:26:57,886 INFO     ___FILE_ONLY___ ═
2024-03-26 13:26:57,886 INFO     ___FILE_ONLY___ ═
2024-03-26 13:26:57,886 INFO     ___FILE_ONLY___ ═
2024-03-26 13:26:57,887 INFO     ___FILE_ONLY___ ═
2024-03-26 13:26:57,887 INFO     ___FILE_ONLY___ ═
2024-03-26 13:26:57,887 INFO     ___FILE_ONLY___ ═
2024-03-26 13:26:57,888 INFO     ___FILE_ONLY___ ═
2024-03-26 13:26:57,888 INFO     ___FILE_ONLY___ ═
2024-03-26 13:26:57,888 INFO     ___FILE_ONLY___ ═
2024-03-26 13:26:57,888 INFO     ___FILE_ONLY___ ═
2024-03-26 13:26:57,889 INFO     ___FILE_ONLY___ ═
2024-03-26 13:26:57,889 INFO     ___FILE_ONLY___ ═
2024-03-26 13:26:57,889 INFO     ___FILE_ONLY___ ═
2024-03-26 13:26:57,890 INFO     ___FILE_ONLY___ ═
2024-03-26 13:26:57,890 INFO     ___FILE_ONLY___ ═
2024-03-26 13:26:58,040 INFO     ___FILE_ONLY___ ═
2024-03-26 13:26:58,047 INFO     ___FILE_ONLY___ ═
2024-03-26 13:26:58,054 INFO     ___FILE_ONLY___ ═
2024-03-26 13:26:58,061 INFO     ___FILE_ONLY___ ═
2024-03-26 13:26:58,067 INFO     ___FILE_ONLY___ ═
2024-03-26 13:26:58,074 INFO     ___FILE_ONLY___ ═
2024-03-26 13:26:58,080 INFO     ___FILE_ONLY___ ═
2024-03-26 13:26:58,089 INFO     ___FILE_ONLY___ ═
2024-03-26 13:26:58,095 INFO     ___FILE_ONLY___ ═
2024-03-26 13:26:58,102 INFO     ___FILE_ONLY___ ═
2024-03-26 13:26:58,108 INFO     ___FILE_ONLY___ ═
2024-03-26 13:26:58,115 INFO     ___FILE_ONLY___ ═
2024-03-26 13:26:58,121 INFO     ___FILE_ONLY___ ═
2024-03-26 13:26:58,130 INFO     ___FILE_ONLY___ ═
2024-03-26 13:26:58,136 INFO     ___FILE_ONLY___ ═
2024-03-26 13:26:58,143 INFO     ___FILE_ONLY___ ═
2024-03-26 13:26:58,150 INFO     ___FILE_ONLY___ ═
2024-03-26 13:26:58,157 INFO     ___FILE_ONLY___ ═
2024-03-26 13:26:58,166 INFO     ___FILE_ONLY___ ═
2024-03-26 13:26:58,172 INFO     ___FILE_ONLY___ ═
2024-03-26 13:26:58,180 INFO     ___FILE_ONLY___ ═
2024-03-26 13:26:58,186 INFO     ___FILE_ONLY___ ═
2024-03-26 13:26:58,197 INFO     ___FILE_ONLY___ ═
2024-03-26 13:26:58,205 INFO     ___FILE_ONLY___ ═
2024-03-26 13:26:58,212 INFO     ___FILE_ONLY___ ═
2024-03-26 13:26:58,218 INFO     ___FILE_ONLY___ ═
2024-03-26 13:26:58,225 INFO     ___FILE_ONLY___ ═
2024-03-26 13:26:58,232 INFO     ___FILE_ONLY___ ═
2024-03-26 13:26:58,238 INFO     ___FILE_ONLY___ ═
2024-03-26 13:26:58,243 INFO     ___FILE_ONLY___ ═
2024-03-26 13:26:58,243 INFO     ___FILE_ONLY___ ╝

2024-03-26 13:26:58,261 INFO     ___FILE_ONLY___ ╔════════════════════════════════════════════════════════════╗

2024-03-26 13:26:58,262 INFO     ___FILE_ONLY___ ╠═ Installing: BigQuery Command Line Tool (Platform Spec... ═╣

2024-03-26 13:26:58,262 INFO     ___FILE_ONLY___ ╚
2024-03-26 13:26:58,267 DEBUG    urllib3.connectionpool Starting new HTTPS connection (1): dl.google.com:443
2024-03-26 13:26:58,343 DEBUG    urllib3.connectionpool https://dl.google.com:443 "GET /dl/cloudsdk/channels/rapid/components/google-cloud-sdk-bq-nix-20240106004423.tar.gz HTTP/1.1" 200 2026
2024-03-26 13:26:58,344 INFO     ___FILE_ONLY___ ══════════════════════════════
2024-03-26 13:26:58,345 INFO     ___FILE_ONLY___ ══════════════════════════════
2024-03-26 13:26:58,345 INFO     ___FILE_ONLY___ ╝

2024-03-26 13:26:58,355 INFO     ___FILE_ONLY___ ╔════════════════════════════════════════════════════════════╗

2024-03-26 13:26:58,355 INFO     ___FILE_ONLY___ ╠═ Installing: Bundled Python 3.11                          ═╣

2024-03-26 13:26:58,356 INFO     ___FILE_ONLY___ ╚
2024-03-26 13:26:58,361 INFO     ___FILE_ONLY___ ════════════════════════════════════════════════════════════
2024-03-26 13:26:58,361 INFO     ___FILE_ONLY___ ╝

2024-03-26 13:26:58,364 INFO     ___FILE_ONLY___ ╔════════════════════════════════════════════════════════════╗

2024-03-26 13:26:58,364 INFO     ___FILE_ONLY___ ╠═ Installing: Bundled Python 3.11                          ═╣

2024-03-26 13:26:58,364 INFO     ___FILE_ONLY___ ╚
2024-03-26 13:26:58,369 DEBUG    urllib3.connectionpool Starting new HTTPS connection (1): dl.google.com:443
2024-03-26 13:26:58,501 DEBUG    urllib3.connectionpool https://dl.google.com:443 "GET /dl/cloudsdk/channels/rapid/components/google-cloud-sdk-bundled-python3-unix-linux-x86_64-20240229170130.tar.gz HTTP/1.1" 200 78486918
2024-03-26 13:26:58,942 INFO     ___FILE_ONLY___ ═
2024-03-26 13:26:58,948 INFO     ___FILE_ONLY___ ═
2024-03-26 13:26:58,955 INFO     ___FILE_ONLY___ ═
2024-03-26 13:26:58,961 INFO     ___FILE_ONLY___ ═
2024-03-26 13:26:58,968 INFO     ___FILE_ONLY___ ═
2024-03-26 13:26:58,974 INFO     ___FILE_ONLY___ ═
2024-03-26 13:26:58,980 INFO     ___FILE_ONLY___ ═
2024-03-26 13:26:58,987 INFO     ___FILE_ONLY___ ═
2024-03-26 13:26:58,993 INFO     ___FILE_ONLY___ ═
2024-03-26 13:26:59,000 INFO     ___FILE_ONLY___ ═
2024-03-26 13:26:59,006 INFO     ___FILE_ONLY___ ═
2024-03-26 13:26:59,013 INFO     ___FILE_ONLY___ ═
2024-03-26 13:26:59,019 INFO     ___FILE_ONLY___ ═
2024-03-26 13:26:59,025 INFO     ___FILE_ONLY___ ═
2024-03-26 13:26:59,032 INFO     ___FILE_ONLY___ ═
2024-03-26 13:26:59,038 INFO     ___FILE_ONLY___ ═
2024-03-26 13:26:59,044 INFO     ___FILE_ONLY___ ═
2024-03-26 13:26:59,051 INFO     ___FILE_ONLY___ ═
2024-03-26 13:26:59,057 INFO     ___FILE_ONLY___ ═
2024-03-26 13:26:59,064 INFO     ___FILE_ONLY___ ═
2024-03-26 13:26:59,070 INFO     ___FILE_ONLY___ ═
2024-03-26 13:26:59,076 INFO     ___FILE_ONLY___ ═
2024-03-26 13:26:59,083 INFO     ___FILE_ONLY___ ═
2024-03-26 13:26:59,089 INFO     ___FILE_ONLY___ ═
2024-03-26 13:26:59,096 INFO     ___FILE_ONLY___ ═
2024-03-26 13:26:59,102 INFO     ___FILE_ONLY___ ═
2024-03-26 13:26:59,108 INFO     ___FILE_ONLY___ ═
2024-03-26 13:26:59,115 INFO     ___FILE_ONLY___ ═
2024-03-26 13:26:59,121 INFO     ___FILE_ONLY___ ═
2024-03-26 13:26:59,128 INFO     ___FILE_ONLY___ ═
2024-03-26 13:27:01,597 INFO     ___FILE_ONLY___ ═
2024-03-26 13:27:01,650 INFO     ___FILE_ONLY___ ═
2024-03-26 13:27:01,703 INFO     ___FILE_ONLY___ ═
2024-03-26 13:27:01,754 INFO     ___FILE_ONLY___ ═
2024-03-26 13:27:01,806 INFO     ___FILE_ONLY___ ═
2024-03-26 13:27:01,856 INFO     ___FILE_ONLY___ ═
2024-03-26 13:27:01,906 INFO     ___FILE_ONLY___ ═
2024-03-26 13:27:01,956 INFO     ___FILE_ONLY___ ═
2024-03-26 13:27:02,007 INFO     ___FILE_ONLY___ ═
2024-03-26 13:27:02,057 INFO     ___FILE_ONLY___ ═
2024-03-26 13:27:02,107 INFO     ___FILE_ONLY___ ═
2024-03-26 13:27:02,157 INFO     ___FILE_ONLY___ ═
2024-03-26 13:27:02,207 INFO     ___FILE_ONLY___ ═
2024-03-26 13:27:02,258 INFO     ___FILE_ONLY___ ═
2024-03-26 13:27:02,310 INFO     ___FILE_ONLY___ ═
2024-03-26 13:27:02,361 INFO     ___FILE_ONLY___ ═
2024-03-26 13:27:02,416 INFO     ___FILE_ONLY___ ═
2024-03-26 13:27:02,931 INFO     ___FILE_ONLY___ ═
2024-03-26 13:27:02,994 INFO     ___FILE_ONLY___ ═
2024-03-26 13:27:03,076 INFO     ___FILE_ONLY___ ═
2024-03-26 13:27:03,143 INFO     ___FILE_ONLY___ ═
2024-03-26 13:27:03,348 INFO     ___FILE_ONLY___ ═
2024-03-26 13:27:03,538 INFO     ___FILE_ONLY___ ═
2024-03-26 13:27:03,631 INFO     ___FILE_ONLY___ ═
2024-03-26 13:27:03,700 INFO     ___FILE_ONLY___ ═
2024-03-26 13:27:03,805 INFO     ___FILE_ONLY___ ═
2024-03-26 13:27:03,869 INFO     ___FILE_ONLY___ ═
2024-03-26 13:27:03,942 INFO     ___FILE_ONLY___ ═
2024-03-26 13:27:05,346 INFO     ___FILE_ONLY___ ═
2024-03-26 13:27:05,403 INFO     ___FILE_ONLY___ ═
2024-03-26 13:27:05,403 INFO     ___FILE_ONLY___ ╝

2024-03-26 13:27:05,533 INFO     ___FILE_ONLY___ ╔════════════════════════════════════════════════════════════╗

2024-03-26 13:27:05,533 INFO     ___FILE_ONLY___ ╠═ Installing: Cloud Storage Command Line Tool              ═╣

2024-03-26 13:27:05,534 INFO     ___FILE_ONLY___ ╚
2024-03-26 13:27:05,538 DEBUG    urllib3.connectionpool Starting new HTTPS connection (1): dl.google.com:443
2024-03-26 13:27:05,669 DEBUG    urllib3.connectionpool https://dl.google.com:443 "GET /dl/cloudsdk/channels/rapid/components/google-cloud-sdk-gsutil-20231025210228.tar.gz HTTP/1.1" 200 11833901
2024-03-26 13:27:05,746 INFO     ___FILE_ONLY___ ═
2024-03-26 13:27:05,747 INFO     ___FILE_ONLY___ ═
2024-03-26 13:27:05,748 INFO     ___FILE_ONLY___ ═
2024-03-26 13:27:05,749 INFO     ___FILE_ONLY___ ═
2024-03-26 13:27:05,750 INFO     ___FILE_ONLY___ ═
2024-03-26 13:27:05,751 INFO     ___FILE_ONLY___ ═
2024-03-26 13:27:05,752 INFO     ___FILE_ONLY___ ═
2024-03-26 13:27:05,753 INFO     ___FILE_ONLY___ ═
2024-03-26 13:27:05,754 INFO     ___FILE_ONLY___ ═
2024-03-26 13:27:05,755 INFO     ___FILE_ONLY___ ═
2024-03-26 13:27:05,757 INFO     ___FILE_ONLY___ ═
2024-03-26 13:27:05,758 INFO     ___FILE_ONLY___ ═
2024-03-26 13:27:05,759 INFO     ___FILE_ONLY___ ═
2024-03-26 13:27:05,760 INFO     ___FILE_ONLY___ ═
2024-03-26 13:27:05,761 INFO     ___FILE_ONLY___ ═
2024-03-26 13:27:05,762 INFO     ___FILE_ONLY___ ═
2024-03-26 13:27:05,763 INFO     ___FILE_ONLY___ ═
2024-03-26 13:27:05,764 INFO     ___FILE_ONLY___ ═
2024-03-26 13:27:05,765 INFO     ___FILE_ONLY___ ═
2024-03-26 13:27:05,766 INFO     ___FILE_ONLY___ ═
2024-03-26 13:27:05,767 INFO     ___FILE_ONLY___ ═
2024-03-26 13:27:05,768 INFO     ___FILE_ONLY___ ═
2024-03-26 13:27:05,769 INFO     ___FILE_ONLY___ ═
2024-03-26 13:27:05,771 INFO     ___FILE_ONLY___ ═
2024-03-26 13:27:05,772 INFO     ___FILE_ONLY___ ═
2024-03-26 13:27:05,773 INFO     ___FILE_ONLY___ ═
2024-03-26 13:27:05,774 INFO     ___FILE_ONLY___ ═
2024-03-26 13:27:05,775 INFO     ___FILE_ONLY___ ═
2024-03-26 13:27:05,776 INFO     ___FILE_ONLY___ ═
2024-03-26 13:27:05,777 INFO     ___FILE_ONLY___ ═
2024-03-26 13:27:06,620 INFO     ___FILE_ONLY___ ═
2024-03-26 13:27:06,676 INFO     ___FILE_ONLY___ ═
2024-03-26 13:27:06,723 INFO     ___FILE_ONLY___ ═
2024-03-26 13:27:06,770 INFO     ___FILE_ONLY___ ═
2024-03-26 13:27:06,814 INFO     ___FILE_ONLY___ ═
2024-03-26 13:27:06,859 INFO     ___FILE_ONLY___ ═
2024-03-26 13:27:06,897 INFO     ___FILE_ONLY___ ═
2024-03-26 13:27:06,931 INFO     ___FILE_ONLY___ ═
2024-03-26 13:27:06,973 INFO     ___FILE_ONLY___ ═
2024-03-26 13:27:07,011 INFO     ___FILE_ONLY___ ═
2024-03-26 13:27:07,050 INFO     ___FILE_ONLY___ ═
2024-03-26 13:27:07,087 INFO     ___FILE_ONLY___ ═
2024-03-26 13:27:07,138 INFO     ___FILE_ONLY___ ═
2024-03-26 13:27:07,179 INFO     ___FILE_ONLY___ ═
2024-03-26 13:27:07,231 INFO     ___FILE_ONLY___ ═
2024-03-26 13:27:07,279 INFO     ___FILE_ONLY___ ═
2024-03-26 13:27:07,330 INFO     ___FILE_ONLY___ ═
2024-03-26 13:27:07,381 INFO     ___FILE_ONLY___ ═
2024-03-26 13:27:07,420 INFO     ___FILE_ONLY___ ═
2024-03-26 13:27:07,461 INFO     ___FILE_ONLY___ ═
2024-03-26 13:27:07,501 INFO     ___FILE_ONLY___ ═
2024-03-26 13:27:07,541 INFO     ___FILE_ONLY___ ═
2024-03-26 13:27:07,581 INFO     ___FILE_ONLY___ ═
2024-03-26 13:27:07,622 INFO     ___FILE_ONLY___ ═
2024-03-26 13:27:07,663 INFO     ___FILE_ONLY___ ═
2024-03-26 13:27:07,740 INFO     ___FILE_ONLY___ ═
2024-03-26 13:27:07,787 INFO     ___FILE_ONLY___ ═
2024-03-26 13:27:07,834 INFO     ___FILE_ONLY___ ═
2024-03-26 13:27:07,883 INFO     ___FILE_ONLY___ ═
2024-03-26 13:27:07,921 INFO     ___FILE_ONLY___ ═
2024-03-26 13:27:07,922 INFO     ___FILE_ONLY___ ╝

2024-03-26 13:27:08,002 INFO     ___FILE_ONLY___ ╔════════════════════════════════════════════════════════════╗

2024-03-26 13:27:08,002 INFO     ___FILE_ONLY___ ╠═ Installing: Cloud Storage Command Line Tool (Platform... ═╣

2024-03-26 13:27:08,002 INFO     ___FILE_ONLY___ ╚
2024-03-26 13:27:08,007 DEBUG    urllib3.connectionpool Starting new HTTPS connection (1): dl.google.com:443
2024-03-26 13:27:08,085 DEBUG    urllib3.connectionpool https://dl.google.com:443 "GET /dl/cloudsdk/channels/rapid/components/google-cloud-sdk-gsutil-nix-20240106004423.tar.gz HTTP/1.1" 200 2042
2024-03-26 13:27:08,086 INFO     ___FILE_ONLY___ ══════════════════════════════
2024-03-26 13:27:08,087 INFO     ___FILE_ONLY___ ══════════════════════════════
2024-03-26 13:27:08,087 INFO     ___FILE_ONLY___ ╝

2024-03-26 13:27:08,097 INFO     ___FILE_ONLY___ ╔════════════════════════════════════════════════════════════╗

2024-03-26 13:27:08,098 INFO     ___FILE_ONLY___ ╠═ Installing: Default set of gcloud commands               ═╣

2024-03-26 13:27:08,098 INFO     ___FILE_ONLY___ ╚
2024-03-26 13:27:08,103 INFO     ___FILE_ONLY___ ════════════════════════════════════════════════════════════
2024-03-26 13:27:08,103 INFO     ___FILE_ONLY___ ╝

2024-03-26 13:27:08,106 INFO     ___FILE_ONLY___ ╔════════════════════════════════════════════════════════════╗

2024-03-26 13:27:08,106 INFO     ___FILE_ONLY___ ╠═ Installing: Google Cloud CLI Core Libraries (Platform... ═╣

2024-03-26 13:27:08,106 INFO     ___FILE_ONLY___ ╚
2024-03-26 13:27:08,112 DEBUG    urllib3.connectionpool Starting new HTTPS connection (1): dl.google.com:443
2024-03-26 13:27:08,190 DEBUG    urllib3.connectionpool https://dl.google.com:443 "GET /dl/cloudsdk/channels/rapid/components/google-cloud-sdk-core-nix-20240106004423.tar.gz HTTP/1.1" 200 2410
2024-03-26 13:27:08,191 INFO     ___FILE_ONLY___ ══════════════════════════════
2024-03-26 13:27:08,192 INFO     ___FILE_ONLY___ ═══════════════
2024-03-26 13:27:08,193 INFO     ___FILE_ONLY___ ═══════════════
2024-03-26 13:27:08,193 INFO     ___FILE_ONLY___ ╝

2024-03-26 13:27:08,203 INFO     ___FILE_ONLY___ ╔════════════════════════════════════════════════════════════╗

2024-03-26 13:27:08,203 INFO     ___FILE_ONLY___ ╠═ Installing: Google Cloud CRC32C Hash Tool                ═╣

2024-03-26 13:27:08,204 INFO     ___FILE_ONLY___ ╚
2024-03-26 13:27:08,209 INFO     ___FILE_ONLY___ ════════════════════════════════════════════════════════════
2024-03-26 13:27:08,210 INFO     ___FILE_ONLY___ ╝

2024-03-26 13:27:08,212 INFO     ___FILE_ONLY___ ╔════════════════════════════════════════════════════════════╗

2024-03-26 13:27:08,212 INFO     ___FILE_ONLY___ ╠═ Installing: Google Cloud CRC32C Hash Tool                ═╣

2024-03-26 13:27:08,213 INFO     ___FILE_ONLY___ ╚
2024-03-26 13:27:08,218 DEBUG    urllib3.connectionpool Starting new HTTPS connection (1): dl.google.com:443
2024-03-26 13:27:08,341 DEBUG    urllib3.connectionpool https://dl.google.com:443 "GET /dl/cloudsdk/channels/rapid/components/google-cloud-sdk-gcloud-crc32c-linux-x86_64-20231215195722.tar.gz HTTP/1.1" 200 1287877
2024-03-26 13:27:08,354 INFO     ___FILE_ONLY___ ═
2024-03-26 13:27:08,354 INFO     ___FILE_ONLY___ ═
2024-03-26 13:27:08,355 INFO     ___FILE_ONLY___ ═
2024-03-26 13:27:08,355 INFO     ___FILE_ONLY___ ═
2024-03-26 13:27:08,355 INFO     ___FILE_ONLY___ ═
2024-03-26 13:27:08,356 INFO     ___FILE_ONLY___ ═
2024-03-26 13:27:08,356 INFO     ___FILE_ONLY___ ═
2024-03-26 13:27:08,356 INFO     ___FILE_ONLY___ ═
2024-03-26 13:27:08,357 INFO     ___FILE_ONLY___ ═
2024-03-26 13:27:08,357 INFO     ___FILE_ONLY___ ═
2024-03-26 13:27:08,357 INFO     ___FILE_ONLY___ ═
2024-03-26 13:27:08,358 INFO     ___FILE_ONLY___ ═
2024-03-26 13:27:08,358 INFO     ___FILE_ONLY___ ═
2024-03-26 13:27:08,358 INFO     ___FILE_ONLY___ ═
2024-03-26 13:27:08,358 INFO     ___FILE_ONLY___ ═
2024-03-26 13:27:08,359 INFO     ___FILE_ONLY___ ═
2024-03-26 13:27:08,359 INFO     ___FILE_ONLY___ ═
2024-03-26 13:27:08,359 INFO     ___FILE_ONLY___ ═
2024-03-26 13:27:08,359 INFO     ___FILE_ONLY___ ═
2024-03-26 13:27:08,360 INFO     ___FILE_ONLY___ ═
2024-03-26 13:27:08,360 INFO     ___FILE_ONLY___ ═
2024-03-26 13:27:08,361 INFO     ___FILE_ONLY___ ═
2024-03-26 13:27:08,361 INFO     ___FILE_ONLY___ ═
2024-03-26 13:27:08,361 INFO     ___FILE_ONLY___ ═
2024-03-26 13:27:08,362 INFO     ___FILE_ONLY___ ═
2024-03-26 13:27:08,362 INFO     ___FILE_ONLY___ ═
2024-03-26 13:27:08,362 INFO     ___FILE_ONLY___ ═
2024-03-26 13:27:08,363 INFO     ___FILE_ONLY___ ═
2024-03-26 13:27:08,363 INFO     ___FILE_ONLY___ ═
2024-03-26 13:27:08,363 INFO     ___FILE_ONLY___ ═
2024-03-26 13:27:08,402 INFO     ___FILE_ONLY___ ═══════════════
2024-03-26 13:27:08,403 INFO     ___FILE_ONLY___ ═══════════════
2024-03-26 13:27:08,403 INFO     ___FILE_ONLY___ ╝

2024-03-26 13:27:08,414 INFO     ___FILE_ONLY___ ╔════════════════════════════════════════════════════════════╗

2024-03-26 13:27:08,415 INFO     ___FILE_ONLY___ ╠═ Installing: anthoscli                                    ═╣

2024-03-26 13:27:08,415 INFO     ___FILE_ONLY___ ╚
2024-03-26 13:27:08,420 DEBUG    urllib3.connectionpool Starting new HTTPS connection (1): dl.google.com:443
2024-03-26 13:27:08,500 DEBUG    urllib3.connectionpool https://dl.google.com:443 "GET /dl/cloudsdk/channels/rapid/components/google-cloud-sdk-anthoscli-linux-x86_64-20240209195330.tar.gz HTTP/1.1" 200 72231225
2024-03-26 13:27:08,905 INFO     ___FILE_ONLY___ ═
2024-03-26 13:27:08,911 INFO     ___FILE_ONLY___ ═
2024-03-26 13:27:08,917 INFO     ___FILE_ONLY___ ═
2024-03-26 13:27:08,923 INFO     ___FILE_ONLY___ ═
2024-03-26 13:27:08,929 INFO     ___FILE_ONLY___ ═
2024-03-26 13:27:08,935 INFO     ___FILE_ONLY___ ═
2024-03-26 13:27:08,941 INFO     ___FILE_ONLY___ ═
2024-03-26 13:27:08,947 INFO     ___FILE_ONLY___ ═
2024-03-26 13:27:08,953 INFO     ___FILE_ONLY___ ═
2024-03-26 13:27:08,959 INFO     ___FILE_ONLY___ ═
2024-03-26 13:27:08,965 INFO     ___FILE_ONLY___ ═
2024-03-26 13:27:08,971 INFO     ___FILE_ONLY___ ═
2024-03-26 13:27:08,977 INFO     ___FILE_ONLY___ ═
2024-03-26 13:27:08,983 INFO     ___FILE_ONLY___ ═
2024-03-26 13:27:08,989 INFO     ___FILE_ONLY___ ═
2024-03-26 13:27:08,995 INFO     ___FILE_ONLY___ ═
2024-03-26 13:27:09,001 INFO     ___FILE_ONLY___ ═
2024-03-26 13:27:09,007 INFO     ___FILE_ONLY___ ═
2024-03-26 13:27:09,013 INFO     ___FILE_ONLY___ ═
2024-03-26 13:27:09,019 INFO     ___FILE_ONLY___ ═
2024-03-26 13:27:09,025 INFO     ___FILE_ONLY___ ═
2024-03-26 13:27:09,031 INFO     ___FILE_ONLY___ ═
2024-03-26 13:27:09,036 INFO     ___FILE_ONLY___ ═
2024-03-26 13:27:09,043 INFO     ___FILE_ONLY___ ═
2024-03-26 13:27:09,049 INFO     ___FILE_ONLY___ ═
2024-03-26 13:27:09,055 INFO     ___FILE_ONLY___ ═
2024-03-26 13:27:09,060 INFO     ___FILE_ONLY___ ═
2024-03-26 13:27:09,067 INFO     ___FILE_ONLY___ ═
2024-03-26 13:27:09,072 INFO     ___FILE_ONLY___ ═
2024-03-26 13:27:09,079 INFO     ___FILE_ONLY___ ═
2024-03-26 13:27:11,718 INFO     ___FILE_ONLY___ ══════════
2024-03-26 13:27:11,726 INFO     ___FILE_ONLY___ ═════════
2024-03-26 13:27:11,761 INFO     ___FILE_ONLY___ ═══════════
2024-03-26 13:27:11,761 INFO     ___FILE_ONLY___ ╝

2024-03-26 13:27:11,802 INFO     ___FILE_ONLY___ ╔════════════════════════════════════════════════════════════╗

2024-03-26 13:27:11,802 INFO     ___FILE_ONLY___ ╠═ Installing: anthoscli                                    ═╣

2024-03-26 13:27:11,802 INFO     ___FILE_ONLY___ ╚
2024-03-26 13:27:11,808 INFO     ___FILE_ONLY___ ════════════════════════════════════════════════════════════
2024-03-26 13:27:11,808 INFO     ___FILE_ONLY___ ╝

2024-03-26 13:27:11,810 INFO     ___FILE_ONLY___ ╔════════════════════════════════════════════════════════════╗

2024-03-26 13:27:11,811 INFO     ___FILE_ONLY___ ╠═ Installing: gcloud cli dependencies                      ═╣

2024-03-26 13:27:11,811 INFO     ___FILE_ONLY___ ╚
2024-03-26 13:27:11,816 DEBUG    urllib3.connectionpool Starting new HTTPS connection (1): dl.google.com:443
2024-03-26 13:27:11,893 DEBUG    urllib3.connectionpool https://dl.google.com:443 "GET /dl/cloudsdk/channels/rapid/components/google-cloud-sdk-gcloud-deps-linux-x86_64-20210416153011.tar.gz HTTP/1.1" 200 104
2024-03-26 13:27:11,894 INFO     ___FILE_ONLY___ ══════════════════════════════
2024-03-26 13:27:11,894 INFO     ___FILE_ONLY___ ══════════════════════════════
2024-03-26 13:27:11,894 INFO     ___FILE_ONLY___ ╝

2024-03-26 13:27:11,904 INFO     ___FILE_ONLY___ ╔════════════════════════════════════════════════════════════╗

2024-03-26 13:27:11,905 INFO     ___FILE_ONLY___ ╠═ Creating backup and activating new installation          ═╣

2024-03-26 13:27:11,905 INFO     ___FILE_ONLY___ ╚
2024-03-26 13:27:11,905 DEBUG    root            Attempting to move directory [/tools/google-cloud-sdk] to [/tools/google-cloud-sdk.staging/.install/.backup]
2024-03-26 13:27:11,905 INFO     ___FILE_ONLY___ ══════════════════════════════
2024-03-26 13:27:11,905 DEBUG    root            Attempting to move directory [/tools/google-cloud-sdk.staging] to [/tools/google-cloud-sdk]
2024-03-26 13:27:11,905 INFO     ___FILE_ONLY___ ══════════════════════════════
2024-03-26 13:27:11,906 INFO     ___FILE_ONLY___ ╝

2024-03-26 13:27:11,911 DEBUG    root            Updating notification cache...
2024-03-26 13:27:11,911 INFO     ___FILE_ONLY___ 

2024-03-26 13:27:11,914 INFO     ___FILE_ONLY___ Performing post processing steps...
2024-03-26 13:27:11,915 DEBUG    root            Executing command: ['/tools/google-cloud-sdk/bin/gcloud', 'components', 'post-process']
2024-03-26 13:27:26,567 DEBUG    ___FILE_ONLY___ 
2024-03-26 13:27:26,568 DEBUG    ___FILE_ONLY___ 
2024-03-26 13:27:26,686 INFO     ___FILE_ONLY___ 
Update done!


2024-03-26 13:27:26,692 DEBUG    root            Chosen display Format:none
2024-03-26 13:27:26,692 INFO     root            Display format: "none"
